{"uuid":"a6f819db-7b5a-43a3-9541-af419948edb4","historyId":"27b85bd0cc2b42c901dd11c311eb8fb9","fullName":"Test login functionality: Validate user is able to login","labels":[{"name":"host","value":"LAPTOP-0IMO270T"},{"name":"thread","value":"2092@LAPTOP-0IMO270T.TestNG-tests-1(14)"},{"name":"feature","value":"Test login functionality"},{"name":"story","value":"Validate user is able to login"},{"name":"suite","value":"Test login functionality"},{"name":"testClass","value":"Validate user is able to login"},{"name":"framework","value":"cucumber4jvm"},{"name":"language","value":"java"},{"name":"gherkin_uri","value":"file:///C:/Users/Usman/IdeaProjects/BDDFrameworkMar23/src/test/resources/demoLogin.feature"},{"name":"package","value":"src.test.resources.demoLogin_feature.Test login functionality"}],"links":[],"name":"Validate user is able to login","status":"failed","statusDetails":{"known":false,"muted":false,"flaky":false,"message":"expected [b] but found [a]","trace":"java.lang.AssertionError: expected [b] but found [a]\r\n\tat org.testng.Assert.fail(Assert.java:110)\r\n\tat org.testng.Assert.failNotEquals(Assert.java:1413)\r\n\tat org.testng.Assert.assertEqualsImpl(Assert.java:149)\r\n\tat org.testng.Assert.assertEquals(Assert.java:131)\r\n\tat org.testng.Assert.assertEquals(Assert.java:655)\r\n\tat org.testng.Assert.assertEquals(Assert.java:665)\r\n\tat stepDefinitions.StepDefForTestProj.this_test_should_fail(StepDefForTestProj.java:51)\r\n\tat ✽.this test should fail(file:///C:/Users/Usman/IdeaProjects/BDDFrameworkMar23/src/test/resources/demoLogin.feature:23)\r\n"},"stage":"finished","steps":[{"name":"Given  user enters \"abcde\" and \"12345\" in the input field","status":"passed","statusDetails":{"known":false,"muted":false,"flaky":false},"stage":"finished","steps":[],"attachments":[],"parameters":[],"start":1679427933517,"stop":1679427933791},{"name":"When  user clicks on login button","status":"passed","statusDetails":{"known":false,"muted":false,"flaky":false},"stage":"finished","steps":[],"attachments":[],"parameters":[],"start":1679427933793,"stop":1679427934076},{"name":"Then  verify user is on the the home page with \"abcde\" message","status":"passed","statusDetails":{"known":false,"muted":false,"flaky":false},"stage":"finished","steps":[],"attachments":[],"parameters":[],"start":1679427934076,"stop":1679427934136},{"name":"Then  this test should fail","status":"failed","statusDetails":{"known":false,"muted":false,"flaky":false,"message":"expected [b] but found [a]","trace":"java.lang.AssertionError: expected [b] but found [a]\r\n\tat org.testng.Assert.fail(Assert.java:110)\r\n\tat org.testng.Assert.failNotEquals(Assert.java:1413)\r\n\tat org.testng.Assert.assertEqualsImpl(Assert.java:149)\r\n\tat org.testng.Assert.assertEquals(Assert.java:131)\r\n\tat org.testng.Assert.assertEquals(Assert.java:655)\r\n\tat org.testng.Assert.assertEquals(Assert.java:665)\r\n\tat stepDefinitions.StepDefForTestProj.this_test_should_fail(StepDefForTestProj.java:51)\r\n\tat ✽.this test should fail(file:///C:/Users/Usman/IdeaProjects/BDDFrameworkMar23/src/test/resources/demoLogin.feature:23)\r\n"},"stage":"finished","steps":[],"attachments":[],"parameters":[],"start":1679427934136,"stop":1679427934217}],"attachments":[],"parameters":[],"start":1679427917375,"stop":1679427939688}