<?xml version="1.0" encoding="UTF-8"?>
<testng-results ignored="0" total="1" passed="0" failed="1" skipped="0">
  <reporter-output>
  </reporter-output>
  <suite started-at="2023-03-22T08:47:46 EDT" name="All Test Suite" finished-at="2023-03-22T08:49:07 EDT" duration-ms="80574">
    <groups>
      <group name="cucumber">
        <method signature="AbstractTestNGCucumberTests.runScenario(io.cucumber.testng.PickleWrapper,io.cucumber.testng.FeatureWrapper)[pri:0, instance:runner.TestProjRunner@2794eab6]" name="runScenario" class="io.cucumber.testng.AbstractTestNGCucumberTests"/>
        <method signature="AbstractTestNGCucumberTests.runScenario(io.cucumber.testng.PickleWrapper,io.cucumber.testng.FeatureWrapper)[pri:0, instance:runner.HomePageRunner@548d708a]" name="runScenario" class="io.cucumber.testng.AbstractTestNGCucumberTests"/>
      </group> <!-- cucumber -->
    </groups>
    <test started-at="2023-03-22T08:47:46 EDT" name="Runner two" finished-at="2023-03-22T08:47:47 EDT" duration-ms="925">
      <class name="runner.HomePageRunner">
        <test-method is-config="true" signature="setUpClass(org.testng.ITestContext)[pri:0, instance:runner.HomePageRunner@548d708a]" started-at="2023-03-22T08:47:46 EDT" name="setUpClass" finished-at="2023-03-22T08:47:47 EDT" duration-ms="839" status="PASS">
          <params>
            <param index="0">
              <value>
                <![CDATA[org.testng.TestRunner@6933b6c6]]>
              </value>
            </param>
          </params>
          <reporter-output>
          </reporter-output>
        </test-method> <!-- setUpClass -->
        <test-method is-config="true" signature="tearDownClass()[pri:0, instance:runner.HomePageRunner@548d708a]" started-at="2023-03-22T08:47:47 EDT" name="tearDownClass" finished-at="2023-03-22T08:47:47 EDT" duration-ms="11" status="PASS">
          <reporter-output>
          </reporter-output>
        </test-method> <!-- tearDownClass -->
      </class> <!-- runner.HomePageRunner -->
    </test> <!-- Runner two -->
    <test started-at="2023-03-22T08:47:46 EDT" name="BDD Framework" finished-at="2023-03-22T08:49:07 EDT" duration-ms="80571">
      <class name="runner.TestProjRunner">
        <test-method is-config="true" signature="setUpClass(org.testng.ITestContext)[pri:0, instance:runner.TestProjRunner@2794eab6]" started-at="2023-03-22T08:47:46 EDT" name="setUpClass" finished-at="2023-03-22T08:47:47 EDT" duration-ms="839" status="PASS">
          <params>
            <param index="0">
              <value>
                <![CDATA[org.testng.TestRunner@7bbc8656]]>
              </value>
            </param>
          </params>
          <reporter-output>
          </reporter-output>
        </test-method> <!-- setUpClass -->
        <test-method signature="runScenario(io.cucumber.testng.PickleWrapper,io.cucumber.testng.FeatureWrapper)[pri:0, instance:runner.TestProjRunner@2794eab6]" started-at="2023-03-22T08:47:47 EDT" name="runScenario" description="Runs Cucumber Scenarios" data-provider="scenarios" finished-at="2023-03-22T08:49:07 EDT" duration-ms="79640" status="FAIL">
          <params>
            <param index="0">
              <value>
                <![CDATA["Validate user is able to login"]]>
              </value>
            </param>
            <param index="1">
              <value>
                <![CDATA["Test login functionality"]]>
              </value>
            </param>
          </params>
          <exception class="java.lang.AssertionError">
            <message>
              <![CDATA[expected [b] but found [a]]]>
            </message>
            <full-stacktrace>
              <![CDATA[java.lang.AssertionError: expected [b] but found [a]
at org.testng.Assert.fail(Assert.java:110)
at org.testng.Assert.failNotEquals(Assert.java:1413)
at org.testng.Assert.assertEqualsImpl(Assert.java:149)
at org.testng.Assert.assertEquals(Assert.java:131)
at org.testng.Assert.assertEquals(Assert.java:655)
at org.testng.Assert.assertEquals(Assert.java:665)
at stepDefinitions.StepDefForTestProj.this_test_should_fail(StepDefForTestProj.java:51)
at âœ½.this test should fail(file:///C:/Users/Usman/IdeaProjects/BDDFrameworkMar23/src/test/resources/demoLogin.feature:24)
]]>
            </full-stacktrace>
          </exception> <!-- java.lang.AssertionError -->
          <reporter-output>
          </reporter-output>
        </test-method> <!-- runScenario -->
        <test-method is-config="true" signature="tearDownClass()[pri:0, instance:runner.TestProjRunner@2794eab6]" started-at="2023-03-22T08:49:07 EDT" name="tearDownClass" finished-at="2023-03-22T08:49:07 EDT" duration-ms="5" status="PASS">
          <reporter-output>
          </reporter-output>
        </test-method> <!-- tearDownClass -->
      </class> <!-- runner.TestProjRunner -->
    </test> <!-- BDD Framework -->
  </suite> <!-- All Test Suite -->
</testng-results>
